#
# There is insufficient memory for the Java Runtime Environment to continue.
# Native memory allocation (mmap) failed to map 264241152 bytes for G1 virtual space
# Possible reasons:
#   The system is out of physical RAM or swap space
#   The process is running with CompressedOops enabled, and the Java Heap may be blocking the growth of the native heap
# Possible solutions:
#   Reduce memory load on the system
#   Increase physical memory or swap space
#   Check if swap backing store is full
#   Decrease Java heap size (-Xmx/-Xms)
#   Decrease number of Java threads
#   Decrease Java thread stack sizes (-Xss)
#   Set larger code cache with -XX:ReservedCodeCacheSize=
#   JVM is running with Zero Based Compressed Oops mode in which the Java heap is
#     placed in the first 32GB address space. The Java Heap base address is the
#     maximum limit for the native heap growth. Please use -XX:HeapBaseMinAddress
#     to set the Java Heap base and to place the Java Heap above 32GB virtual address.
# This output file may be truncated or incomplete.
#
#  Out of Memory Error (os_windows.cpp:3617), pid=10424, tid=20220
#
# JRE version:  (17.0.8.1+1) (build )
# Java VM: OpenJDK 64-Bit Server VM (17.0.8.1+1, mixed mode, sharing, tiered, compressed oops, compressed class ptrs, g1 gc, windows-amd64)
# No core dump will be written. Minidumps are not enabled by default on client versions of Windows
#

---------------  S U M M A R Y ------------

Command Line: -Dfile.encoding=UTF-8 -Dstdout.encoding=UTF-8 -Dstderr.encoding=UTF-8 -XX:+ShowCodeDetailsInExceptionMessages Main.Main

Host: 11th Gen Intel(R) Core(TM) i5-11500H @ 2.90GHz, 12 cores, 15G,  Windows 10 , 64 bit Build 19041 (10.0.19041.3636)
Time: Sat Dec  2 21:58:41 2023  Windows 10 , 64 bit Build 19041 (10.0.19041.3636) elapsed time: 0.019115 seconds (0d 0h 0m 0s)

---------------  T H R E A D  ---------------

Current thread (0x000001936eccc6a0):  JavaThread "Unknown thread" [_thread_in_vm, id=20220, stack(0x0000007b17a00000,0x0000007b17b00000)]

Stack: [0x0000007b17a00000,0x0000007b17b00000]
Native frames: (J=compiled Java code, j=interpreted, Vv=VM code, C=native code)
V  [jvm.dll+0x678b0a]
V  [jvm.dll+0x835e84]
V  [jvm.dll+0x83762e]
V  [jvm.dll+0x837c93]
V  [jvm.dll+0x24746f]
V  [jvm.dll+0x675859]
V  [jvm.dll+0x66a0ea]
V  [jvm.dll+0x306c7b]
V  [jvm.dll+0x30e166]
V  [jvm.dll+0x35dd3e]
V  [jvm.dll+0x35df6f]
V  [jvm.dll+0x2ddb48]
V  [jvm.dll+0x2deab4]
V  [jvm.dll+0x807f31]
V  [jvm.dll+0x36bb21]
V  [jvm.dll+0x7e733c]
V  [jvm.dll+0x3ee4af]
V  [jvm.dll+0x3f00c1]
C  [jli.dll+0x528b]
C  [ucrtbase.dll+0x21bb2]
C  [KERNEL32.DLL+0x17344]
C  [ntdll.dll+0x526b1]


---------------  P R O C E S S  ---------------

Threads class SMR info:
_java_thread_list=0x00007ffd5186a018, length=0, elements={
}

Java Threads: ( => current thread )

Other Threads:
  0x000001936ed3a490 GCTaskThread "GC Thread#0" [stack: 0x0000007b17b00000,0x0000007b17c00000] [id=11524]
  0x000001936ed4c660 ConcurrentGCThread "G1 Main Marker" [stack: 0x0000007b17c00000,0x0000007b17d00000] [id=20300]
  0x000001936ed4cf80 ConcurrentGCThread "G1 Conc#0" [stack: 0x0000007b17d00000,0x0000007b17e00000] [id=8084]

[error occurred during error reporting (printing all threads), id 0xc0000005, EXCEPTION_ACCESS_VIOLATION (0xc0000005) at pc=0x00007ffd5103e587]

VM state: not at safepoint (not fully initialized)

VM Mutex/Monitor currently owned by a thread:  ([mutex/lock_event])
[0x000001936ecc7f60] Heap_lock - owner thread: 0x000001936eccc6a0

Heap address: 0x0000000704400000, size: 4028 MB, Compressed Oops mode: Zero based, Oop shift amount: 3

CDS archive(s) mapped at: [0x0000000000000000-0x0000000000000000-0x0000000000000000), size 0, SharedBaseAddress: 0x0000000800000000, ArchiveRelocationMode: 1.
Narrow klass base: 0x0000000000000000, Narrow klass shift: 0, Narrow klass range: 0x0

GC Precious Log:
<Empty>

Heap:
 garbage-first heap   total 0K, used 0K [0x0000000704400000, 0x0000000800000000)
  region size 2048K, 0 young (0K), 0 survivors (0K)

[error occurred during error reporting (printing heap information), id 0xc0000005, EXCEPTION_ACCESS_VIOLATION (0xc0000005) at pc=0x00007ffd51422699]

GC Heap History (0 events):
No events

Dll operation events (1 events):
Event: 0.004 Loaded shared library C:\Program Files\Eclipce\eclipse\plugins\org.eclipse.justj.openjdk.hotspot.jre.full.win32.x86_64_17.0.8.v20230831-1047\jre\bin\java.dll

Deoptimization events (0 events):
No events

Classes unloaded (0 events):
No events

Classes redefined (0 events):
No events

Internal exceptions (0 events):
No events

VM Operations (0 events):
No events

Events (0 events):
No events


Dynamic libraries:
0x00007ff7bb3f0000 - 0x00007ff7bb3fe000 	C:\Program Files\Eclipce\eclipse\plugins\org.eclipse.justj.openjdk.hotspot.jre.full.win32.x86_64_17.0.8.v20230831-1047\jre\bin\javaw.exe
0x00007ffda6f50000 - 0x00007ffda7148000 	C:\Windows\SYSTEM32\ntdll.dll
0x00007ffda5190000 - 0x00007ffda524d000 	C:\Windows\System32\KERNEL32.DLL
0x00007ffda4bb0000 - 0x00007ffda4ea6000 	C:\Windows\System32\KERNELBASE.dll
0x00007ffda4eb0000 - 0x00007ffda4fb0000 	C:\Windows\System32\ucrtbase.dll
0x00007ffd93930000 - 0x00007ffd93949000 	C:\Program Files\Eclipce\eclipse\plugins\org.eclipse.justj.openjdk.hotspot.jre.full.win32.x86_64_17.0.8.v20230831-1047\jre\bin\VCRUNTIME140.dll
0x00007ffd93960000 - 0x00007ffd93977000 	C:\Program Files\Eclipce\eclipse\plugins\org.eclipse.justj.openjdk.hotspot.jre.full.win32.x86_64_17.0.8.v20230831-1047\jre\bin\jli.dll
0x00007ffda54e0000 - 0x00007ffda567e000 	C:\Windows\System32\USER32.dll
0x00007ffda4b80000 - 0x00007ffda4ba2000 	C:\Windows\System32\win32u.dll
0x00007ffd908e0000 - 0x00007ffd90b7a000 	C:\Windows\WinSxS\amd64_microsoft.windows.common-controls_6595b64144ccf1df_6.0.19041.3636_none_60b6a03d71f818d5\COMCTL32.dll
0x00007ffda5250000 - 0x00007ffda527c000 	C:\Windows\System32\GDI32.dll
0x00007ffda48d0000 - 0x00007ffda49ea000 	C:\Windows\System32\gdi32full.dll
0x00007ffda6e10000 - 0x00007ffda6eae000 	C:\Windows\System32\msvcrt.dll
0x00007ffda46a0000 - 0x00007ffda473d000 	C:\Windows\System32\msvcp_win.dll
0x00007ffda5380000 - 0x00007ffda53b0000 	C:\Windows\System32\IMM32.DLL
0x00007ffd9f030000 - 0x00007ffd9f03c000 	C:\Program Files\Eclipce\eclipse\plugins\org.eclipse.justj.openjdk.hotspot.jre.full.win32.x86_64_17.0.8.v20230831-1047\jre\bin\vcruntime140_1.dll
0x00007ffd753c0000 - 0x00007ffd75451000 	C:\Program Files\Eclipce\eclipse\plugins\org.eclipse.justj.openjdk.hotspot.jre.full.win32.x86_64_17.0.8.v20230831-1047\jre\bin\msvcp140.dll
0x00007ffd50d50000 - 0x00007ffd5199c000 	C:\Program Files\Eclipce\eclipse\plugins\org.eclipse.justj.openjdk.hotspot.jre.full.win32.x86_64_17.0.8.v20230831-1047\jre\bin\server\jvm.dll
0x00007ffda62b0000 - 0x00007ffda635f000 	C:\Windows\System32\ADVAPI32.dll
0x00007ffda5280000 - 0x00007ffda531c000 	C:\Windows\System32\sechost.dll
0x00007ffda5ce0000 - 0x00007ffda5e06000 	C:\Windows\System32\RPCRT4.dll
0x00007ffda3b90000 - 0x00007ffda3bdb000 	C:\Windows\SYSTEM32\POWRPROF.dll
0x00007ffd75580000 - 0x00007ffd75589000 	C:\Windows\SYSTEM32\WSOCK32.dll
0x00007ffda5680000 - 0x00007ffda56eb000 	C:\Windows\System32\WS2_32.dll
0x00007ffd98a50000 - 0x00007ffd98a77000 	C:\Windows\SYSTEM32\WINMM.dll
0x00007ffd9e370000 - 0x00007ffd9e37a000 	C:\Windows\SYSTEM32\VERSION.dll
0x00007ffda3a50000 - 0x00007ffda3a62000 	C:\Windows\SYSTEM32\UMPDC.dll
0x00007ffda24d0000 - 0x00007ffda24e2000 	C:\Windows\SYSTEM32\kernel.appcore.dll
0x00007ffd93990000 - 0x00007ffd9399a000 	C:\Program Files\Eclipce\eclipse\plugins\org.eclipse.justj.openjdk.hotspot.jre.full.win32.x86_64_17.0.8.v20230831-1047\jre\bin\jimage.dll
0x00007ffda1d60000 - 0x00007ffda1f44000 	C:\Windows\SYSTEM32\DBGHELP.DLL
0x00007ffd71f40000 - 0x00007ffd71f74000 	C:\Windows\SYSTEM32\dbgcore.DLL
0x00007ffda4740000 - 0x00007ffda47c2000 	C:\Windows\System32\bcryptPrimitives.dll
0x00007ffd88980000 - 0x00007ffd889a5000 	C:\Program Files\Eclipce\eclipse\plugins\org.eclipse.justj.openjdk.hotspot.jre.full.win32.x86_64_17.0.8.v20230831-1047\jre\bin\java.dll

dbghelp: loaded successfully - version: 4.0.5 - missing functions: none
symbol engine: initialized successfully - sym options: 0x614 - pdb path: .;C:\Program Files\Eclipce\eclipse\plugins\org.eclipse.justj.openjdk.hotspot.jre.full.win32.x86_64_17.0.8.v20230831-1047\jre\bin;C:\Windows\SYSTEM32;C:\Windows\WinSxS\amd64_microsoft.windows.common-controls_6595b64144ccf1df_6.0.19041.3636_none_60b6a03d71f818d5;C:\Program Files\Eclipce\eclipse\plugins\org.eclipse.justj.openjdk.hotspot.jre.full.win32.x86_64_17.0.8.v20230831-1047\jre\bin\server

VM Arguments:
jvm_args: -Dfile.encoding=UTF-8 -Dstdout.encoding=UTF-8 -Dstderr.encoding=UTF-8 -XX:+ShowCodeDetailsInExceptionMessages 
java_command: Main.Main
java_class_path (initial): C:\Users\DELL\eclipse-workspace\OOP\lab4\bin;C:\Program Files\Eclipce\eclipse\plugins\junit-jupiter-api_5.10.0.jar;C:\Program Files\Eclipce\eclipse\plugins\junit-jupiter-engine_5.10.0.jar;C:\Program Files\Eclipce\eclipse\plugins\junit-jupiter-migrationsupport_5.10.0.jar;C:\Program Files\Eclipce\eclipse\plugins\junit-jupiter-params_5.10.0.jar;C:\Program Files\Eclipce\eclipse\plugins\junit-platform-commons_1.10.0.jar;C:\Program Files\Eclipce\eclipse\plugins\junit-platform-engine_1.10.0.jar;C:\Program Files\Eclipce\eclipse\plugins\junit-platform-launcher_1.10.0.jar;C:\Program Files\Eclipce\eclipse\plugins\junit-platform-runner_1.10.0.jar;C:\Program Files\Eclipce\eclipse\plugins\junit-platform-suite-api_1.10.0.jar;C:\Program Files\Eclipce\eclipse\plugins\junit-platform-suite-engine_1.10.0.jar;C:\Program Files\Eclipce\eclipse\plugins\junit-platform-suite-commons_1.10.0.jar;C:\Program Files\Eclipce\eclipse\plugins\junit-vintage-engine_5.10.0.jar;C:\Program Files\Eclipce\eclipse\plugins\org.opentest4j_1.3.0.jar;C:\Program Files\Eclipce\eclipse\plugins\org.apiguardian.api_1.1.2.jar;C:\Program Files\Eclipce\eclipse\plugins\org.junit_4.13.2.v20230809-1000.jar;C:\Program Files\Eclipce\eclipse\plugins\org.hamcrest_2.2.0.jar;C:\Program Files\Eclipce\eclipse\plugins\org.hamcrest.core_2.2.0.v20230809-1000.jar
Launcher Type: SUN_STANDARD

[Global flags]
     intx CICompilerCount                          = 4                                         {product} {ergonomic}
     uint ConcGCThreads                            = 3                                         {product} {ergonomic}
     uint G1ConcRefinementThreads                  = 10                                        {product} {ergonomic}
   size_t G1HeapRegionSize                         = 2097152                                   {product} {ergonomic}
    uintx GCDrainStackTargetSize                   = 64                                        {product} {ergonomic}
   size_t InitialHeapSize                          = 264241152                                 {product} {ergonomic}
   size_t MarkStackSize                            = 4194304                                   {product} {ergonomic}
   size_t MaxHeapSize                              = 4223664128                                {product} {ergonomic}
   size_t MinHeapDeltaBytes                        = 2097152                                   {product} {ergonomic}
   size_t MinHeapSize                              = 8388608                                   {product} {ergonomic}
    uintx NonNMethodCodeHeapSize                   = 5839372                                {pd product} {ergonomic}
    uintx NonProfiledCodeHeapSize                  = 122909434                              {pd product} {ergonomic}
    uintx ProfiledCodeHeapSize                     = 122909434                              {pd product} {ergonomic}
    uintx ReservedCodeCacheSize                    = 251658240                              {pd product} {ergonomic}
     bool SegmentedCodeCache                       = true                                      {product} {ergonomic}
     bool ShowCodeDetailsInExceptionMessages       = true                                   {manageable} {command line}
   size_t SoftMaxHeapSize                          = 4223664128                             {manageable} {ergonomic}
     bool UseCompressedClassPointers               = true                           {product lp64_product} {ergonomic}
     bool UseCompressedOops                        = true                           {product lp64_product} {ergonomic}
     bool UseG1GC                                  = true                                      {product} {ergonomic}
     bool UseLargePagesIndividualAllocation        = false                                  {pd product} {ergonomic}

Logging:
Log output configuration:
 #0: stdout all=warning uptime,level,tags
 #1: stderr all=off uptime,level,tags

Environment Variables:
JAVA_HOME=C:\Program Files\Java\jdk-21\bin
PATH=C:/Program Files/Eclipce/eclipse//plugins/org.eclipse.justj.openjdk.hotspot.jre.full.win32.x86_64_17.0.8.v20230831-1047/jre/bin/server;C:/Program Files/Eclipce/eclipse//plugins/org.eclipse.justj.openjdk.hotspot.jre.full.win32.x86_64_17.0.8.v20230831-1047/jre/bin;C:\Program Files\Common Files\Oracle\Java\javapath;C:\Windows\system32;C:\Windows;C:\Windows\System32\Wbem;C:\Windows\System32\WindowsPowerShell\v1.0\;C:\Windows\System32\OpenSSH\;C:\Program Files\dotnet\;C:\Program Files\Java\jdk-21\bin;C:\Users\DELL\AppData\Local\Microsoft\WindowsApps;C:\Users\DELL\AppData\Local\Programs\Microsoft VS Code\bin;C:\MinGW\bin;C:\Users\DELL\.dotnet\tools;C:\Program Files\Eclipce\eclipse;
USERNAME=DELL
OS=Windows_NT
PROCESSOR_IDENTIFIER=Intel64 Family 6 Model 141 Stepping 1, GenuineIntel
TMP=C:\Users\DELL\AppData\Local\Temp
TEMP=C:\Users\DELL\AppData\Local\Temp



---------------  S Y S T E M  ---------------

OS:
 Windows 10 , 64 bit Build 19041 (10.0.19041.3636)
OS uptime: 6 days 7:08 hours

CPU: total 12 (initial active 12) (6 cores per cpu, 2 threads per core) family 6 model 141 stepping 1 microcode 0x46, cx8, cmov, fxsr, ht, mmx, 3dnowpref, sse, sse2, sse3, ssse3, sse4.1, sse4.2, popcnt, lzcnt, tsc, tscinvbit, avx, avx2, aes, erms, clmul, bmi1, bmi2, adx, avx512f, avx512dq, avx512cd, avx512bw, avx512vl, sha, fma, vzeroupper, avx512_vpopcntdq, avx512_vpclmulqdq, avx512_vaes, avx512_vnni, clflush, clflushopt, clwb, avx512_vbmi2, avx512_vbmi
Processor Information for all 12 processors :
  Max Mhz: 2918, Current Mhz: 2918, Mhz Limit: 2918

Memory: 4k page, system-wide physical 16110M (6299M free)
TotalPageFile size 46556M (AvailPageFile size 109M)
current process WorkingSet (physical memory assigned to process): 10M, peak: 10M
current process commit charge ("private bytes"): 64M, peak: 316M

vm_info: OpenJDK 64-Bit Server VM (17.0.8.1+1) for windows-amd64 JRE (17.0.8.1+1), built on Aug 23 2023 15:29:17 by "admin" with MS VC++ 16.7 (VS2019)

END.
